2022-06-22 10:45:27.629  INFO 10412 --- [main] com.mt_ag.bayer.cmc.Main                 : Starting Main on WDEV010758 with PID 10412 (C:\Users\ELKTN\cmcworkspace\cmc-master\cmc-master\cmc-grabber\target\classes started by ELKTN in C:\Users\ELKTN\cmcworkspace\cmc-master\cmc-master\cmc-grabber)
2022-06-22 10:45:27.656 DEBUG 10412 --- [main] com.mt_ag.bayer.cmc.Main                 : Running with Spring Boot v2.1.7.RELEASE, Spring v5.1.9.RELEASE
2022-06-22 10:45:27.658  INFO 10412 --- [main] com.mt_ag.bayer.cmc.Main                 : No active profile set, falling back to default profiles: default
2022-06-22 10:46:06.625  INFO 10412 --- [main] c.mt_ag.bayer.cmc.core.init.SystemInit   : No need to initialize Users
2022-06-22 10:46:06.646  INFO 10412 --- [main] c.mt_ag.bayer.cmc.core.init.SystemInit   : No need to initialize Countries
2022-06-22 10:46:06.669  INFO 10412 --- [main] c.mt_ag.bayer.cmc.core.init.SystemInit   : No need to initialize Data Sources
2022-06-22 10:46:06.692  INFO 10412 --- [main] c.mt_ag.bayer.cmc.core.init.SystemInit   : No need to initialize Substances
2022-06-22 10:46:06.719  INFO 10412 --- [main] c.mt_ag.bayer.cmc.core.init.SystemInit   : No need to initialize Crops
2022-06-22 10:46:06.742  INFO 10412 --- [main] c.mt_ag.bayer.cmc.core.init.SystemInit   : No need to initialize Units
2022-06-22 10:46:06.764  INFO 10412 --- [main] c.mt_ag.bayer.cmc.core.init.SystemInit   : No need to initialize Mrls
2022-06-22 10:46:09.879  INFO 10412 --- [main] c.m.bayer.cmc.core.schedule.UKScheduler  : The next UK Grabbing will be on 2022-07-21T23:59:59
2022-06-22 10:46:10.300  INFO 10412 --- [main] c.m.bayer.cmc.core.schedule.DKScheduler  : The next DK Grabbing will be on 2022-07-20T23:59:59
2022-06-22 10:46:11.657  INFO 10412 --- [main] c.m.b.cmc.core.schedule.RASFFScheduler   : The next RASFF Grabbing will be on 2022-07-06T23:59:59
2022-06-22 10:46:12.762  INFO 10412 --- [main] com.mt_ag.bayer.cmc.Main                 : Started Main in 46.206 seconds (JVM running for 49.438)
2022-06-22 13:42:31.785  INFO 15584 --- [main] com.mt_ag.bayer.cmc.Main                 : Starting Main on WDEV010758 with PID 15584 (C:\Users\ELKTN\cmcworkspace\cmc-master\cmc-master\cmc-grabber\target\classes started by ELKTN in C:\Users\ELKTN\cmcworkspace\cmc-master\cmc-master\cmc-grabber)
2022-06-22 13:42:31.790 DEBUG 15584 --- [main] com.mt_ag.bayer.cmc.Main                 : Running with Spring Boot v2.1.7.RELEASE, Spring v5.1.9.RELEASE
2022-06-22 13:42:31.791  INFO 15584 --- [main] com.mt_ag.bayer.cmc.Main                 : No active profile set, falling back to default profiles: default
2022-06-22 13:43:08.474  INFO 15584 --- [main] c.mt_ag.bayer.cmc.core.init.SystemInit   : No need to initialize Users
2022-06-22 13:43:08.494  INFO 15584 --- [main] c.mt_ag.bayer.cmc.core.init.SystemInit   : No need to initialize Countries
2022-06-22 13:43:08.514  INFO 15584 --- [main] c.mt_ag.bayer.cmc.core.init.SystemInit   : No need to initialize Data Sources
2022-06-22 13:43:08.534  INFO 15584 --- [main] c.mt_ag.bayer.cmc.core.init.SystemInit   : No need to initialize Substances
2022-06-22 13:43:08.557  INFO 15584 --- [main] c.mt_ag.bayer.cmc.core.init.SystemInit   : No need to initialize Crops
2022-06-22 13:43:08.579  INFO 15584 --- [main] c.mt_ag.bayer.cmc.core.init.SystemInit   : No need to initialize Units
2022-06-22 13:43:08.598  INFO 15584 --- [main] c.mt_ag.bayer.cmc.core.init.SystemInit   : No need to initialize Mrls
2022-06-22 13:43:11.473  INFO 15584 --- [main] c.m.bayer.cmc.core.schedule.UKScheduler  : The next UK Grabbing will be on 2022-07-21T23:59:59
2022-06-22 13:43:11.820  INFO 15584 --- [main] c.m.bayer.cmc.core.schedule.DKScheduler  : The next DK Grabbing will be on 2022-07-20T23:59:59
2022-06-22 13:43:12.148  INFO 15584 --- [main] c.m.b.cmc.core.schedule.RASFFScheduler   : The next RASFF Grabbing will be on 2022-07-06T23:59:59
2022-06-22 13:43:13.035  INFO 15584 --- [main] com.mt_ag.bayer.cmc.Main                 : Started Main in 42.133 seconds (JVM running for 45.016)
2022-06-22 13:45:21.162  INFO 15584 --- [http-nio-9090-exec-8] c.m.b.cmc.controller.GrabberController   : Grabbing UK manually per given datasource by user: 2022-06-22T13:45:21.161192700
2022-06-22 13:45:21.314  INFO 15584 --- [http-nio-9090-exec-8] c.m.bayer.cmc.core.schedule.UKScheduler  : Grabbing UK manually now 2022-06-22T13:45:21.313189800
2022-06-22 13:45:21.463  INFO 15584 --- [http-nio-9090-exec-8] c.m.bayer.cmc.core.schedule.UKScheduler  : The next UK Grabbing will be on 2022-07-21T23:59:59
2022-06-22 13:45:21.774  INFO 15584 --- [UK] c.m.bayer.cmc.core.schedule.UKScheduler  : Grabbing from UK at: Execution [id=185101, dateTime=2022-06-22T23:59:59, dataSourceName=UK]
2022-06-22 13:45:21.912 ERROR 15584 --- [UK] c.mt_ag.bayer.cmc.core.mapping.UKMapper  : Could not fetch the ODS Links

com.gargoylesoftware.htmlunit.FailingHttpStatusCodeException: 407 authenticationrequired for https://data.gov.uk/mwg-internal/de5fs23hu73ds/files/javascript/sw.js
	at com.gargoylesoftware.htmlunit.WebClient.throwFailingHttpStatusCodeExceptionIfNecessary(WebClient.java:592) ~[htmlunit-2.33.jar:2.33]
	at com.gargoylesoftware.htmlunit.html.HtmlPage.loadJavaScriptFromUrl(HtmlPage.java:1037) ~[htmlunit-2.33.jar:2.33]
	at com.gargoylesoftware.htmlunit.html.HtmlPage.loadExternalJavaScriptFile(HtmlPage.java:978) ~[htmlunit-2.33.jar:2.33]
	at com.gargoylesoftware.htmlunit.html.HtmlScript.executeScriptIfNeeded(HtmlScript.java:371) ~[htmlunit-2.33.jar:2.33]
	at com.gargoylesoftware.htmlunit.html.HtmlScript$2.execute(HtmlScript.java:246) ~[htmlunit-2.33.jar:2.33]
	at com.gargoylesoftware.htmlunit.html.HtmlScript.onAllChildrenAddedToPage(HtmlScript.java:267) ~[htmlunit-2.33.jar:2.33]
	at com.gargoylesoftware.htmlunit.html.HTMLParser$HtmlUnitDOMBuilder.endElement(HTMLParser.java:802) ~[htmlunit-2.33.jar:2.33]
	at org.apache.xerces.parsers.AbstractSAXParser.endElement(Unknown Source) ~[xercesImpl-2.12.0.jar:na]
	at com.gargoylesoftware.htmlunit.html.HTMLParser$HtmlUnitDOMBuilder.endElement(HTMLParser.java:758) ~[htmlunit-2.33.jar:2.33]
	at net.sourceforge.htmlunit.cyberneko.HTMLTagBalancer.callEndElement(HTMLTagBalancer.java:1194) ~[neko-htmlunit-2.33.jar:2.33]
	at net.sourceforge.htmlunit.cyberneko.HTMLTagBalancer.endElement(HTMLTagBalancer.java:1134) ~[neko-htmlunit-2.33.jar:2.33]
	at net.sourceforge.htmlunit.cyberneko.filters.DefaultFilter.endElement(DefaultFilter.java:221) ~[neko-htmlunit-2.33.jar:2.33]
	at net.sourceforge.htmlunit.cyberneko.filters.NamespaceBinder.endElement(NamespaceBinder.java:314) ~[neko-htmlunit-2.33.jar:2.33]
	at net.sourceforge.htmlunit.cyberneko.HTMLScanner$ContentScanner.scanEndElement(HTMLScanner.java:3179) ~[neko-htmlunit-2.33.jar:2.33]
	at net.sourceforge.htmlunit.cyberneko.HTMLScanner$ContentScanner.scan(HTMLScanner.java:2132) ~[neko-htmlunit-2.33.jar:2.33]
	at net.sourceforge.htmlunit.cyberneko.HTMLScanner.scanDocument(HTMLScanner.java:939) ~[neko-htmlunit-2.33.jar:2.33]
	at net.sourceforge.htmlunit.cyberneko.HTMLConfiguration.parse(HTMLConfiguration.java:452) ~[neko-htmlunit-2.33.jar:2.33]
	at net.sourceforge.htmlunit.cyberneko.HTMLConfiguration.parse(HTMLConfiguration.java:403) ~[neko-htmlunit-2.33.jar:2.33]
	at org.apache.xerces.parsers.XMLParser.parse(Unknown Source) ~[xercesImpl-2.12.0.jar:na]
	at com.gargoylesoftware.htmlunit.html.HTMLParser$HtmlUnitDOMBuilder.parse(HTMLParser.java:1001) ~[htmlunit-2.33.jar:2.33]
	at com.gargoylesoftware.htmlunit.html.HTMLParser.parse(HTMLParser.java:250) ~[htmlunit-2.33.jar:2.33]
	at com.gargoylesoftware.htmlunit.html.HTMLParser.parseHtml(HTMLParser.java:196) ~[htmlunit-2.33.jar:2.33]
	at com.gargoylesoftware.htmlunit.DefaultPageCreator.createHtmlPage(DefaultPageCreator.java:267) ~[htmlunit-2.33.jar:2.33]
	at com.gargoylesoftware.htmlunit.DefaultPageCreator.createPage(DefaultPageCreator.java:158) ~[htmlunit-2.33.jar:2.33]
	at com.gargoylesoftware.htmlunit.WebClient.loadWebResponseInto(WebClient.java:531) ~[htmlunit-2.33.jar:2.33]
	at com.gargoylesoftware.htmlunit.WebClient.getPage(WebClient.java:398) ~[htmlunit-2.33.jar:2.33]
	at com.gargoylesoftware.htmlunit.WebClient.getPage(WebClient.java:315) ~[htmlunit-2.33.jar:2.33]
	at com.gargoylesoftware.htmlunit.WebClient.getPage(WebClient.java:466) ~[htmlunit-2.33.jar:2.33]
	at com.gargoylesoftware.htmlunit.WebClient.getPage(WebClient.java:448) ~[htmlunit-2.33.jar:2.33]
	at com.mt_ag.bayer.cmc.core.mapping.UKMapper.fetchAllOdsLinks(UKMapper.java:67) ~[classes/:na]
	at com.mt_ag.bayer.cmc.core.mapping.UKMapper.lambda$0(UKMapper.java:95) ~[classes/:na]
	at com.mt_ag.bayer.cmc.core.mapping.UKMapper.map(UKMapper.java:59) ~[classes/:na]
	at com.mt_ag.bayer.cmc.core.service.UKGrabberService.grabData(UKGrabberService.java:39) ~[classes/:na]
	at com.mt_ag.bayer.cmc.core.schedule.UKScheduler.grabData(UKScheduler.java:87) ~[classes/:na]
	at com.mt_ag.bayer.cmc.core.schedule.UKScheduler.lambda$0(UKScheduler.java:45) ~[classes/:na]
	at java.base/java.util.concurrent.ThreadPoolExecutor.runWorker(ThreadPoolExecutor.java:1130) ~[na:na]
	at java.base/java.util.concurrent.ThreadPoolExecutor$Worker.run(ThreadPoolExecutor.java:630) ~[na:na]
	at java.base/java.lang.Thread.run(Thread.java:831) ~[na:na]

2022-06-22 13:45:21.916  INFO 15584 --- [UK] c.mt_ag.bayer.cmc.core.mapping.UKMapper  : UK Measurements grabbed: 0
2022-06-22 13:45:22.414  INFO 15584 --- [UK] c.m.bayer.cmc.core.schedule.UKScheduler  : The next UK Grabbing will be on 2022-07-22T23:59:59
2022-06-22 17:57:30.829  INFO 18984 --- [main] com.mt_ag.bayer.cmc.Main                 : Starting Main on WDEV010758 with PID 18984 (C:\Users\ELKTN\cmcworkspace\cmc-master\cmc-master\cmc-grabber\target\classes started by ELKTN in C:\Users\ELKTN\cmcworkspace\cmc-master\cmc-master\cmc-grabber)
2022-06-22 17:57:30.834 DEBUG 18984 --- [main] com.mt_ag.bayer.cmc.Main                 : Running with Spring Boot v2.1.7.RELEASE, Spring v5.1.9.RELEASE
2022-06-22 17:57:30.835  INFO 18984 --- [main] com.mt_ag.bayer.cmc.Main                 : No active profile set, falling back to default profiles: default
2022-06-22 17:58:08.394  INFO 18984 --- [main] c.mt_ag.bayer.cmc.core.init.SystemInit   : No need to initialize Users
2022-06-22 17:58:08.414  INFO 18984 --- [main] c.mt_ag.bayer.cmc.core.init.SystemInit   : No need to initialize Countries
2022-06-22 17:58:08.434  INFO 18984 --- [main] c.mt_ag.bayer.cmc.core.init.SystemInit   : No need to initialize Data Sources
2022-06-22 17:58:08.455  INFO 18984 --- [main] c.mt_ag.bayer.cmc.core.init.SystemInit   : No need to initialize Substances
2022-06-22 17:58:08.480  INFO 18984 --- [main] c.mt_ag.bayer.cmc.core.init.SystemInit   : No need to initialize Crops
2022-06-22 17:58:08.504  INFO 18984 --- [main] c.mt_ag.bayer.cmc.core.init.SystemInit   : No need to initialize Units
2022-06-22 17:58:08.523  INFO 18984 --- [main] c.mt_ag.bayer.cmc.core.init.SystemInit   : No need to initialize Mrls
2022-06-22 17:58:11.155  INFO 18984 --- [main] c.m.bayer.cmc.core.schedule.UKScheduler  : The next UK Grabbing will be on 2022-07-22T23:59:59
2022-06-22 17:58:11.622  INFO 18984 --- [main] c.m.bayer.cmc.core.schedule.DKScheduler  : The next DK Grabbing will be on 2022-07-20T23:59:59
2022-06-22 17:58:12.030  INFO 18984 --- [main] c.m.b.cmc.core.schedule.RASFFScheduler   : The next RASFF Grabbing will be on 2022-07-06T23:59:59
